<?xml version="1.0" encoding="UTF-8"?>
<testExecutions version="1">
  <file path="/home/alexsandro/Documentos/github_pessoal/backend-node/node-money-maker/src/tests/services/moneyService.test.ts">
    <testCase name="Validando moneyService Deve fazer todo crud no service" duration="1"/>
  </file>
  <file path="/home/alexsandro/Documentos/github_pessoal/backend-node/node-money-maker/src/tests/controllers/moneyController.test.ts">
    <testCase name="Controller /moneys deveria retornar lista " duration="19"/>
    <testCase name="Controller /moneys deveria retornar somente 1 money" duration="4"/>
    <testCase name="Controller /moneys Deveria criar um money" duration="10"/>
    <testCase name="Controller /moneys Deveria deletar um money" duration="3"/>
  </file>
</testExecutions>